<?xml version="1.0" encoding="UTF-8"?>
<!-- Generated by org.testng.reporters.JUnitReportReporter -->
<testsuite hostname="LAPTOP-V1QEGTCJ" failures="0" tests="1" name="testblaze.Blazelogintest" time="7.307" errors="0" timestamp="2024-05-31T12:13:42 IST" skipped="0">
  <testcase classname="testblaze.Blazelogintest" name="testlogin" time="7.307"/>
</testsuite> <!-- testblaze.Blazelogintest -->
