<?xml version="1.0" encoding="UTF-8"?>
<!-- Generated by org.testng.reporters.JUnitReportReporter -->
<testsuite hostname="LAPTOP-V1QEGTCJ" failures="0" tests="1" name="testblazelogin.Blazelogintest" time="5.809" errors="0" timestamp="2024-05-31T20:12:52 IST" skipped="0">
  <testcase classname="testblazelogin.Blazelogintest" name="testlogin1" time="5.809"/>
</testsuite> <!-- testblazelogin.Blazelogintest -->
