<?xml version="1.0" encoding="UTF-8"?>
<!-- Generated by org.testng.reporters.JUnitReportReporter -->
<testsuite hostname="LAPTOP-V1QEGTCJ" failures="0" tests="1" name="testblazeregister.Blazeregistertest" time="15.987" errors="0" timestamp="2024-05-31T20:18:41 IST" skipped="0">
  <testcase classname="testblazeregister.Blazeregistertest" name="testlogin" time="15.987"/>
</testsuite> <!-- testblazeregister.Blazeregistertest -->
